TN:
SF:src\App.jsx
FN:10,App
FN:18,(anonymous_1)
FN:22,(anonymous_2)
FN:31,(anonymous_3)
FN:32,(anonymous_4)
FN:35,(anonymous_5)
FN:42,(anonymous_6)
FN:47,(anonymous_7)
FN:54,(anonymous_8)
FN:59,(anonymous_9)
FN:66,(anonymous_10)
FN:71,(anonymous_11)
FN:78,(anonymous_12)
FN:85,(anonymous_13)
FN:86,(anonymous_14)
FN:100,(anonymous_15)
FN:101,(anonymous_16)
FN:142,(anonymous_17)
FN:147,downloadBibTeXFile
FN:154,(anonymous_19)
FN:170,(anonymous_20)
FN:181,(anonymous_21)
FN:192,(anonymous_22)
FN:203,(anonymous_23)
FN:229,(anonymous_24)
FN:232,(anonymous_25)
FN:270,(anonymous_26)
FNF:27
FNH:22
FNDA:46,App
FNDA:10,(anonymous_1)
FNDA:9,(anonymous_2)
FNDA:17,(anonymous_3)
FNDA:9,(anonymous_4)
FNDA:10,(anonymous_5)
FNDA:6,(anonymous_6)
FNDA:3,(anonymous_7)
FNDA:3,(anonymous_8)
FNDA:4,(anonymous_9)
FNDA:4,(anonymous_10)
FNDA:0,(anonymous_11)
FNDA:0,(anonymous_12)
FNDA:2,(anonymous_13)
FNDA:0,(anonymous_14)
FNDA:40,(anonymous_15)
FNDA:40,(anonymous_16)
FNDA:20,(anonymous_17)
FNDA:1,downloadBibTeXFile
FNDA:0,(anonymous_19)
FNDA:5,(anonymous_20)
FNDA:2,(anonymous_21)
FNDA:2,(anonymous_22)
FNDA:0,(anonymous_23)
FNDA:20,(anonymous_24)
FNDA:20,(anonymous_25)
FNDA:20,(anonymous_26)
DA:11,46
DA:12,43
DA:13,43
DA:14,43
DA:15,43
DA:16,43
DA:18,43
DA:19,10
DA:20,10
DA:23,9
DA:24,9
DA:27,43
DA:31,43
DA:32,17
DA:35,43
DA:36,10
DA:37,4
DA:38,4
DA:40,6
DA:43,6
DA:47,43
DA:48,3
DA:49,0
DA:50,0
DA:52,3
DA:55,3
DA:59,43
DA:60,4
DA:61,0
DA:62,0
DA:64,4
DA:67,4
DA:71,43
DA:72,0
DA:73,0
DA:74,0
DA:76,0
DA:79,0
DA:85,43
DA:86,2
DA:87,0
DA:88,0
DA:89,0
DA:90,0
DA:92,0
DA:93,0
DA:94,0
DA:96,2
DA:100,43
DA:101,40
DA:102,40
DA:103,40
DA:104,40
DA:106,40
DA:107,8
DA:114,32
DA:115,14
DA:123,18
DA:132,40
DA:133,0
DA:137,40
DA:141,43
DA:142,43
DA:143,20
DA:148,1
DA:149,1
DA:150,1
DA:154,43
DA:155,0
DA:156,0
DA:157,0
DA:159,0
DA:160,0
DA:161,0
DA:164,0
DA:166,0
DA:170,43
DA:171,5
DA:172,5
DA:173,0
DA:174,5
DA:175,5
DA:176,0
DA:177,5
DA:178,0
DA:181,43
DA:182,2
DA:183,2
DA:184,2
DA:185,0
DA:186,2
DA:187,0
DA:188,2
DA:189,0
DA:192,43
DA:193,2
DA:194,2
DA:195,2
DA:196,0
DA:197,2
DA:198,0
DA:199,2
DA:200,0
DA:203,43
DA:204,0
DA:205,0
DA:206,0
DA:207,0
DA:208,0
DA:209,0
DA:210,0
DA:211,0
DA:213,43
DA:230,20
DA:233,20
DA:235,20
DA:237,20
DA:238,20
DA:239,0
DA:240,0
DA:243,0
DA:271,20
LF:122
LH:77
BRDA:36,0,0,4
BRDA:36,0,1,6
BRDA:48,1,0,0
BRDA:48,1,1,3
BRDA:60,2,0,0
BRDA:60,2,1,4
BRDA:72,3,0,0
BRDA:72,3,1,0
BRDA:87,4,0,0
BRDA:87,4,1,0
BRDA:102,5,0,0
BRDA:102,5,1,40
BRDA:106,6,0,8
BRDA:106,6,1,32
BRDA:114,7,0,14
BRDA:114,7,1,18
BRDA:132,8,0,0
BRDA:132,8,1,40
BRDA:172,9,0,0
BRDA:172,9,1,5
BRDA:175,10,0,0
BRDA:175,10,1,5
BRDA:177,11,0,0
BRDA:177,11,1,5
BRDA:184,12,0,0
BRDA:184,12,1,2
BRDA:186,13,0,0
BRDA:186,13,1,2
BRDA:188,14,0,0
BRDA:188,14,1,2
BRDA:195,15,0,0
BRDA:195,15,1,2
BRDA:197,16,0,0
BRDA:197,16,1,2
BRDA:199,17,0,0
BRDA:199,17,1,2
BRDA:205,18,0,0
BRDA:205,18,1,0
BRDA:207,19,0,0
BRDA:207,19,1,0
BRDA:210,20,0,0
BRDA:210,20,1,0
BRDA:220,21,0,43
BRDA:220,21,1,13
BRDA:221,22,0,43
BRDA:221,22,1,5
BRDA:222,23,0,43
BRDA:222,23,1,6
BRDA:223,24,0,43
BRDA:223,24,1,0
BRDA:237,25,0,20
BRDA:237,25,1,0
BRDA:239,26,0,0
BRDA:239,26,1,0
BRDA:247,27,0,20
BRDA:247,27,1,9
BRDA:254,28,0,20
BRDA:254,28,1,4
BRDA:260,29,0,20
BRDA:260,29,1,7
BRF:60
BRH:33
end_of_record
TN:
SF:src\components\doi.jsx
FN:4,(anonymous_0)
FN:9,(anonymous_1)
FN:13,(anonymous_2)
FN:19,(anonymous_3)
FN:23,(anonymous_4)
FN:28,(anonymous_5)
FN:45,(anonymous_6)
FN:61,(anonymous_7)
FN:75,(anonymous_8)
FNF:9
FNH:7
FNDA:220,(anonymous_0)
FNDA:101,(anonymous_1)
FNDA:101,(anonymous_2)
FNDA:18,(anonymous_3)
FNDA:96,(anonymous_4)
FNDA:3,(anonymous_5)
FNDA:8,(anonymous_6)
FNDA:0,(anonymous_7)
FNDA:0,(anonymous_8)
DA:4,5
DA:5,220
DA:6,220
DA:7,220
DA:9,220
DA:10,101
DA:11,101
DA:14,101
DA:15,101
DA:19,220
DA:20,18
DA:23,220
DA:24,96
DA:28,220
DA:29,3
DA:31,3
DA:32,1
DA:33,1
DA:37,2
DA:38,0
DA:39,0
DA:42,2
DA:43,2
DA:45,8
DA:55,2
DA:58,2
DA:59,0
DA:61,0
DA:69,0
DA:72,2
DA:73,0
DA:75,0
DA:83,0
DA:86,2
DA:87,2
DA:91,220
LF:36
LH:28
BRDA:31,0,0,1
BRDA:31,0,1,2
BRDA:31,1,0,3
BRDA:31,1,1,2
BRDA:37,2,0,0
BRDA:37,2,1,2
BRDA:37,3,0,2
BRDA:37,3,1,2
BRDA:42,4,0,2
BRDA:42,4,1,0
BRDA:58,5,0,0
BRDA:58,5,1,2
BRDA:72,6,0,0
BRDA:72,6,1,2
BRF:14
BRH:10
end_of_record
TN:
SF:src\components\lisaa.jsx
FN:3,(anonymous_0)
FN:17,(anonymous_1)
FN:22,(anonymous_2)
FN:26,(anonymous_3)
FN:76,(anonymous_4)
FN:80,(anonymous_5)
FN:92,(anonymous_6)
FN:104,(anonymous_7)
FN:108,(anonymous_8)
FN:112,(anonymous_9)
FN:116,(anonymous_10)
FN:120,(anonymous_11)
FNF:12
FNH:12
FNDA:976,(anonymous_0)
FNDA:15,(anonymous_1)
FNDA:15,(anonymous_2)
FNDA:16,(anonymous_3)
FNDA:117,(anonymous_4)
FNDA:213,(anonymous_5)
FNDA:28,(anonymous_6)
FNDA:144,(anonymous_7)
FNDA:174,(anonymous_8)
FNDA:60,(anonymous_9)
FNDA:159,(anonymous_10)
FNDA:75,(anonymous_11)
DA:3,5
DA:5,976
DA:6,976
DA:7,976
DA:8,976
DA:9,976
DA:10,976
DA:11,976
DA:12,976
DA:13,976
DA:17,976
DA:18,15
DA:19,15
DA:22,976
DA:23,15
DA:26,976
DA:27,16
DA:29,16
DA:30,1
DA:31,1
DA:35,15
DA:36,0
DA:37,0
DA:40,15
DA:41,0
DA:42,0
DA:45,15
DA:46,0
DA:47,0
DA:52,15
DA:62,15
DA:64,15
DA:66,15
DA:67,15
DA:68,15
DA:69,15
DA:70,15
DA:71,15
DA:72,15
DA:73,15
DA:76,976
DA:77,117
DA:80,976
DA:81,213
DA:82,213
DA:84,213
DA:85,213
DA:87,213
DA:88,240
DA:90,240
DA:92,28
DA:93,14
DA:96,226
DA:97,226
DA:100,213
DA:104,976
DA:105,144
DA:108,976
DA:109,174
DA:112,976
DA:113,60
DA:116,976
DA:117,159
DA:120,976
DA:121,75
DA:124,976
LF:66
LH:60
BRDA:19,0,0,15
BRDA:19,0,1,15
BRDA:29,1,0,1
BRDA:29,1,1,15
BRDA:29,2,0,16
BRDA:29,2,1,15
BRDA:29,2,2,15
BRDA:29,2,3,15
BRDA:29,2,4,15
BRDA:29,2,5,15
BRDA:29,2,6,15
BRDA:35,3,0,0
BRDA:35,3,1,15
BRDA:35,4,0,15
BRDA:35,4,1,15
BRDA:40,5,0,0
BRDA:40,5,1,15
BRDA:45,6,0,0
BRDA:45,6,1,15
BRDA:90,7,0,14
BRDA:90,7,1,226
BRF:21
BRH:18
end_of_record
TN:
SF:src\components\lisaaKirja.jsx
FN:3,(anonymous_0)
FN:12,(anonymous_1)
FN:17,(anonymous_2)
FN:55,(anonymous_3)
FN:59,(anonymous_4)
FN:71,(anonymous_5)
FN:82,(anonymous_6)
FN:86,(anonymous_7)
FN:90,(anonymous_8)
FNF:9
FNH:8
FNDA:256,(anonymous_0)
FNDA:5,(anonymous_1)
FNDA:6,(anonymous_2)
FNDA:38,(anonymous_3)
FNDA:59,(anonymous_4)
FNDA:0,(anonymous_5)
FNDA:53,(anonymous_6)
FNDA:20,(anonymous_7)
FNDA:73,(anonymous_8)
DA:3,5
DA:4,256
DA:5,256
DA:6,256
DA:7,256
DA:8,256
DA:9,256
DA:10,256
DA:12,256
DA:13,5
DA:14,5
DA:17,256
DA:18,6
DA:20,6
DA:21,1
DA:22,1
DA:25,5
DA:26,0
DA:27,0
DA:30,5
DA:31,0
DA:32,0
DA:35,5
DA:43,5
DA:45,5
DA:47,5
DA:48,5
DA:49,5
DA:50,5
DA:51,5
DA:52,5
DA:55,256
DA:56,38
DA:59,256
DA:60,59
DA:61,59
DA:63,59
DA:64,59
DA:66,59
DA:67,59
DA:69,59
DA:71,0
DA:72,0
DA:75,59
DA:76,59
DA:79,59
DA:82,256
DA:83,53
DA:86,256
DA:87,20
DA:90,256
DA:91,73
DA:94,256
LF:53
LH:47
BRDA:14,0,0,5
BRDA:14,0,1,5
BRDA:20,1,0,1
BRDA:20,1,1,5
BRDA:20,2,0,6
BRDA:20,2,1,5
BRDA:20,2,2,5
BRDA:20,2,3,5
BRDA:20,2,4,5
BRDA:25,3,0,0
BRDA:25,3,1,5
BRDA:25,4,0,5
BRDA:25,4,1,5
BRDA:30,5,0,0
BRDA:30,5,1,5
BRDA:69,6,0,0
BRDA:69,6,1,59
BRF:17
BRH:14
end_of_record
TN:
SF:src\components\lisaaYhdArtikkeli.jsx
FN:3,(anonymous_0)
FN:12,(anonymous_1)
FN:17,(anonymous_2)
FN:56,(anonymous_3)
FN:60,(anonymous_4)
FN:72,(anonymous_5)
FN:84,(anonymous_6)
FN:88,(anonymous_7)
FN:92,(anonymous_8)
FNF:9
FNH:8
FNDA:139,(anonymous_0)
FNDA:3,(anonymous_1)
FNDA:3,(anonymous_2)
FNDA:23,(anonymous_3)
FNDA:35,(anonymous_4)
FNDA:0,(anonymous_5)
FNDA:32,(anonymous_6)
FNDA:12,(anonymous_7)
FNDA:29,(anonymous_8)
DA:3,4
DA:4,139
DA:5,139
DA:6,139
DA:7,139
DA:8,139
DA:9,139
DA:10,139
DA:12,139
DA:13,3
DA:14,3
DA:17,139
DA:18,3
DA:20,3
DA:21,0
DA:22,0
DA:26,3
DA:27,0
DA:28,0
DA:31,3
DA:32,0
DA:33,0
DA:36,3
DA:44,3
DA:46,3
DA:48,3
DA:49,3
DA:50,3
DA:51,3
DA:52,3
DA:53,3
DA:56,139
DA:57,23
DA:60,139
DA:61,35
DA:62,35
DA:64,35
DA:65,35
DA:67,35
DA:68,35
DA:70,35
DA:72,0
DA:73,0
DA:76,35
DA:77,35
DA:80,35
DA:84,139
DA:85,32
DA:88,139
DA:89,12
DA:92,139
DA:93,29
DA:96,139
LF:53
LH:45
BRDA:14,0,0,3
BRDA:14,0,1,3
BRDA:20,1,0,0
BRDA:20,1,1,3
BRDA:20,2,0,3
BRDA:20,2,1,3
BRDA:20,2,2,3
BRDA:20,2,3,3
BRDA:20,2,4,3
BRDA:26,3,0,0
BRDA:26,3,1,3
BRDA:26,4,0,3
BRDA:26,4,1,3
BRDA:31,5,0,0
BRDA:31,5,1,3
BRDA:70,6,0,0
BRDA:70,6,1,35
BRF:17
BRH:13
end_of_record
